<?xml version="1.0" encoding="UTF-8"?>
<!-- Generated by org.testng.reporters.JUnitXMLReporter -->
<testsuite ignored="0" hostname="BCTCL-L14231" failures="0" tests="5" name="cc" time="0.081" errors="0" timestamp="2024-09-30T11:27:17 IST">
  <testcase classname="TestNGpractice.invocationcounttest" name="inv" time="0.011"/>
  <testcase classname="TestNGpractice.invocationcounttest" name="inv" time="0.001"/>
  <testcase classname="TestNGpractice.invocationcounttest" name="inv" time="0.002"/>
  <testcase classname="TestNGpractice.invocationcounttest" name="inv" time="0.002"/>
  <testcase classname="TestNGpractice.invocationcounttest" name="inv" time="0.005"/>
</testsuite> <!-- cc -->
