<?xml version="1.0" encoding="UTF-8"?>
<!-- Generated by org.testng.reporters.JUnitXMLReporter -->
<testsuite ignored="0" hostname="BCTCL-L14231" failures="0" tests="5" name="Test" time="0.152" errors="0" timestamp="2024-10-04T15:43:24 IST">
  <testcase classname="TestNGpractice.invocationcounttest" name="inv" time="0.016"/>
  <testcase classname="TestNGpractice.invocationcounttest" name="inv" time="0.002"/>
  <testcase classname="TestNGpractice.invocationcounttest" name="inv" time="0.003"/>
  <testcase classname="TestNGpractice.invocationcounttest" name="inv" time="0.003"/>
  <testcase classname="TestNGpractice.invocationcounttest" name="inv" time="0.004"/>
</testsuite> <!-- Test -->
