<?xml version="1.0" encoding="UTF-8"?>
<!-- Generated by org.testng.reporters.JUnitReportReporter -->
<testsuite hostname="BCTCL-L14231" failures="0" tests="5" name="TestNGpractice.invocationcounttest" time="0.028" errors="0" timestamp="2024-10-04T15:43:24 IST" skipped="0">
  <testcase classname="TestNGpractice.invocationcounttest" name="inv" time="0.004"/>
  <testcase classname="TestNGpractice.invocationcounttest" name="inv" time="0.003"/>
  <testcase classname="TestNGpractice.invocationcounttest" name="inv" time="0.002"/>
  <testcase classname="TestNGpractice.invocationcounttest" name="inv" time="0.016"/>
  <testcase classname="TestNGpractice.invocationcounttest" name="inv" time="0.003"/>
</testsuite> <!-- TestNGpractice.invocationcounttest -->
